<?xml version="1.0" encoding="UTF-8" ?>
<testsuite failures="0" time="0.237" errors="0" skipped="0" tests="5" name="pl.luciow.warehouse.OrderServiceTest">
  <properties>
[...]
</properties>
  <testcase time="0.148" classname="pl.luciow.warehouse.OrderServiceTest" name="processPaymentSuccessTest"/>
  <testcase time="0.005" classname="pl.luciow.warehouse.OrderServiceTest" name="processPaymentThrowTest"/>
  <testcase time="0.008" classname="pl.luciow.warehouse.OrderServiceTest" name="fillOrderSuccesTest"/>
  <testcase time="0.023" classname="pl.luciow.warehouse.OrderServiceTest" name="cancelOrderTest"/>
  <testcase time="0.001" classname="pl.luciow.warehouse.OrderServiceTest" name="fillOrderThrowTest"/>
</testsuite>